{"numTotalTestSuites":2,"numPassedTestSuites":0,"numFailedTestSuites":2,"numPendingTestSuites":0,"numTotalTests":4,"numPassedTests":3,"numFailedTests":1,"numPendingTests":0,"numTodoTests":0,"snapshot":{"added":0,"failure":false,"filesAdded":0,"filesRemoved":0,"filesRemovedList":[],"filesUnmatched":0,"filesUpdated":0,"matched":0,"total":0,"unchecked":0,"uncheckedKeysByFile":[],"unmatched":0,"updated":0,"didUpdate":false},"startTime":1779743888509,"success":false,"testResults":[{"assertionResults":[{"ancestorTitles":["TagService favorites convergence"],"fullName":"TagService favorites convergence create ignora isFavorite authored y exige la acción dedicada","status":"passed","title":"create ignora isFavorite authored y exige la acción dedicada","duration":34.686399999999594,"failureMessages":[],"meta":{},"tags":[]},{"ancestorTitles":["TagService favorites convergence"],"fullName":"TagService favorites convergence uses canonical favorites for onlyFavorites and ignores stale embedded flags","status":"passed","title":"uses canonical favorites for onlyFavorites and ignores stale embedded flags","duration":23.22530000000006,"failureMessages":[],"meta":{},"tags":[]},{"ancestorTitles":["TagService favorites convergence"],"fullName":"TagService favorites convergence toggleFavorite delega al bridge canónico","status":"failed","title":"toggleFavorite delega al bridge canónico","duration":21.358400000000074,"failureMessages":["AssertionError: expected true to be false // Object.is equality\n    at D:/DEV/media-manager/src/services/tag/__tests__/tag.favorite.effect.test.ts:134:76\n    at processTicksAndRejections (node:internal/process/task_queues:104:5)\n    at file:///D:/DEV/media-manager/node_modules/@voidzero-dev/vite-plus-test/dist/@vitest/runner/chunk-artifact.js:1903:22"],"meta":{},"tags":[]},{"ancestorTitles":["TagService favorites convergence"],"fullName":"TagService favorites convergence toggleFavorite puede desmarcar el favorito canónico en roundtrip","status":"passed","title":"toggleFavorite puede desmarcar el favorito canónico en roundtrip","duration":22.167900000000373,"failureMessages":[],"meta":{},"tags":[]}],"startTime":1779743893773,"endTime":1779743893875.168,"status":"failed","message":"","name":"D:/DEV/media-manager/src/services/tag/__tests__/tag.favorite.effect.test.ts"}]}